Arguments: 
  /Users/youzi/.nvm/versions/node/v12.16.2/bin/node /Users/youzi/.yarn/bin/yarn.js

PATH: 
  /Users/youzi/.yarn/bin:/Users/youzi/.config/yarn/global/node_modules/.bin:/Users/youzi/.nvm/versions/node/v12.16.2/bin:/usr/local/bin:/usr/local/sbin:/usr/bin:/bin:/usr/sbin:/sbin:/Library/Apple/usr/bin

Yarn version: 
  1.22.5

Node version: 
  12.16.2

Platform: 
  darwin x64

Trace: 
  SyntaxError: /Users/youzi/dev/aristotle/package.json: Unexpected token } in JSON at position 1021
      at JSON.parse (<anonymous>)
      at /Users/youzi/.yarn/lib/cli.js:1625:59
      at Generator.next (<anonymous>)
      at step (/Users/youzi/.yarn/lib/cli.js:310:30)
      at /Users/youzi/.yarn/lib/cli.js:321:13

npm manifest: 
  {
    "name": "@saulx/aristotle",
    "main": "./dist/index.js",
    "public": true,
    "version": "3.0.0",
    "scripts": {
      "build": "rm -rf ./dist && tsc",
      "watch": "tsc --watch"
    },
    "repository": "https://github.com/atelier-saulx/aristotle",
    
    "workspaces": [
      "packages/*"
    ],
    "prettier": "@saulx/prettier-config",
    "eslintConfig": {
      "extends": "@saulx/eslint-config"
    },
    "devDependencies": {
      "ava": "2.4.0",
      "ts-node": "^8.5.4",
      "typescript": "^3.7.3",
      "eslint": "^6.5.1",
      "prettier": "^1.18.2",
      "@saulx/eslint-config": "https://github.com/atelier-saulx/eslint-config",
      "@saulx/prettier-config": "https://github.com/atelier-saulx/prettier-config"
    },
    "dependencies": {
      "acorn": "^8.0.4",
      "acorn-jsx": "^5.3.1",
      "acorn-walk": "^8.0.0",
      "autoprefixer": "^10.1.0",
      "cssnano": "^4.1.10",
      "esbuild": "^0.8.22",
      "mime-types": "^2.1.27",
      "postcss": "^8.2.2",
      "postcss-default-unit": "^1.0.0",
      "postcss-flexbugs-fixes": "^5.0.2"
    },
  }

yarn manifest: 
  No manifest

Lockfile: 
  No lockfile
